0 info it worked if it ends with ok
1 verbose cli [ '/usr/local/Cellar/node/0.8.15/bin/node',
1 verbose cli   '/usr/local/bin/npm',
1 verbose cli   'run',
1 verbose cli   'dev' ]
2 info using npm@1.1.66
3 info using node@v0.8.15
4 verbose read json /Users/ben.smawfield/Documents/flashcards/Flash-cards/package.json
5 verbose run-script [ 'predev', 'dev', 'postdev' ]
6 info predev Flash-cards@0.0.1
7 info dev Flash-cards@0.0.1
8 verbose unsafe-perm in lifecycle true
9 silly exec sh "-c" "node MONGOLAB_URI="
10 silly sh,-c,node MONGOLAB_URI=,/Users/ben.smawfield/Documents/flashcards/Flash-cards spawning
11 info Flash-cards@0.0.1 Failed to exec dev script
12 error Flash-cards@0.0.1 dev: `node MONGOLAB_URI=`
12 error `sh "-c" "node MONGOLAB_URI="` failed with 1
13 error Failed at the Flash-cards@0.0.1 dev script.
13 error This is most likely a problem with the Flash-cards package,
13 error not with npm itself.
13 error Tell the author that this fails on your system:
13 error     node MONGOLAB_URI=
13 error You can get their info via:
13 error     npm owner ls Flash-cards
13 error There is likely additional logging output above.
14 error System Darwin 12.2.0
15 error command "/usr/local/Cellar/node/0.8.15/bin/node" "/usr/local/bin/npm" "run" "dev"
16 error cwd /Users/ben.smawfield/Documents/flashcards/Flash-cards
17 error node -v v0.8.15
18 error npm -v 1.1.66
19 error code ELIFECYCLE
20 verbose exit [ 1, true ]
